0 info it worked if it ends with ok
1 verbose cli [ '/usr/local/Cellar/node/7.0.0/bin/node',
1 verbose cli   '/usr/local/bin/npm',
1 verbose cli   'start' ]
2 info using npm@3.10.8
3 info using node@v7.0.0
4 verbose run-script [ 'prestart', 'start', 'poststart' ]
5 info lifecycle @0.0.1~prestart: @0.0.1
6 verbose lifecycle @0.0.1~prestart: unsafe-perm in lifecycle true
7 verbose lifecycle @0.0.1~prestart: PATH: /usr/local/lib/node_modules/npm/bin/node-gyp-bin:/Users/clb12369/IronYardProjects/Instaclone-backend/node_modules/.bin:/usr/local/Cellar/node/7.0.0/bin:/Users/clb12369/anaconda/bin:/opt/local/bin:/opt/local/sbin:/Users/clb12369/.rvm/gems/ruby-2.3.1/bin:/Users/clb12369/.rvm/gems/ruby-2.3.1@global/bin:/Users/clb12369/.rvm/rubies/ruby-2.3.1/bin:/usr/local/bin:/usr/bin:/bin:/usr/sbin:/sbin:/opt/X11/bin:/usr/local/share/dotnet:/Users/clb12369/.rvm/bin
8 verbose lifecycle @0.0.1~prestart: CWD: /Users/clb12369/IronYardProjects/Instaclone-backend
9 silly lifecycle @0.0.1~prestart: Args: [ '-c', 'rimraf assets/build' ]
10 info lifecycle @0.0.1~prestart: Failed to exec prestart script
11 verbose stack Error: @0.0.1 prestart: `rimraf assets/build`
11 verbose stack spawn ENOENT
11 verbose stack     at ChildProcess.<anonymous> (/usr/local/lib/node_modules/npm/lib/utils/spawn.js:33:16)
11 verbose stack     at emitTwo (events.js:106:13)
11 verbose stack     at ChildProcess.emit (events.js:191:7)
11 verbose stack     at maybeClose (internal/child_process.js:877:16)
11 verbose stack     at Process.ChildProcess._handle.onexit (internal/child_process.js:226:5)
12 verbose pkgid @0.0.1
13 verbose cwd /Users/clb12369/IronYardProjects/Instaclone-backend
14 error Darwin 14.5.0
15 error argv "/usr/local/Cellar/node/7.0.0/bin/node" "/usr/local/bin/npm" "start"
16 error node v7.0.0
17 error npm  v3.10.8
18 error file sh
19 error code ELIFECYCLE
20 error errno ENOENT
21 error syscall spawn
22 error @0.0.1 prestart: `rimraf assets/build`
22 error spawn ENOENT
23 error Failed at the @0.0.1 prestart script 'rimraf assets/build'.
23 error Make sure you have the latest version of node.js and npm installed.
23 error If you do, this is most likely a problem with the  package,
23 error not with npm itself.
23 error Tell the author that this fails on your system:
23 error     rimraf assets/build
23 error You can get information on how to open an issue for this project with:
23 error     npm bugs
23 error Or if that isn't available, you can get their info via:
23 error     npm owner ls
23 error There is likely additional logging output above.
24 verbose exit [ 1, true ]
